WARNING:Cpld:1007 - Removing unused input(s) 'WriteAdd<0>'.  The input(s) are
   unused after optimization. Please verify functionality via simulation.
WARNING:Cpld:1007 - Removing unused input(s) 'WriteAdd<1>'.  The input(s) are
   unused after optimization. Please verify functionality via simulation.
WARNING:Cpld:1007 - Removing unused input(s) 'WriteAdd<2>'.  The input(s) are
   unused after optimization. Please verify functionality via simulation.
WARNING:Cpld:1007 - Removing unused input(s) 'WriteAdd<3>'.  The input(s) are
   unused after optimization. Please verify functionality via simulation.
WARNING:Cpld:1007 - Removing unused input(s) 'WriteAdd<4>'.  The input(s) are
   unused after optimization. Please verify functionality via simulation.
WARNING:Cpld:1007 - Removing unused input(s) 'WriteEnable'.  The input(s) are
   unused after optimization. Please verify functionality via simulation.
WARNING:Cpld:1007 - Removing unused input(s) 'Write_Data<0>'.  The input(s) are
   unused after optimization. Please verify functionality via simulation.
WARNING:Cpld:1007 - Removing unused input(s) 'Write_Data<10>'.  The input(s) are
   unused after optimization. Please verify functionality via simulation.
WARNING:Cpld:1007 - Removing unused input(s) 'Write_Data<11>'.  The input(s) are
   unused after optimization. Please verify functionality via simulation.
WARNING:Cpld:1007 - Removing unused input(s) 'Write_Data<12>'.  The input(s) are
   unused after optimization. Please verify functionality via simulation.
WARNING:Cpld:1007 - Removing unused input(s) 'Write_Data<13>'.  The input(s) are
   unused after optimization. Please verify functionality via simulation.
WARNING:Cpld:1007 - Removing unused input(s) 'Write_Data<14>'.  The input(s) are
   unused after optimization. Please verify functionality via simulation.
WARNING:Cpld:1007 - Removing unused input(s) 'Write_Data<15>'.  The input(s) are
   unused after optimization. Please verify functionality via simulation.
WARNING:Cpld:1007 - Removing unused input(s) 'Write_Data<16>'.  The input(s) are
   unused after optimization. Please verify functionality via simulation.
WARNING:Cpld:1007 - Removing unused input(s) 'Write_Data<17>'.  The input(s) are
   unused after optimization. Please verify functionality via simulation.
WARNING:Cpld:1007 - Removing unused input(s) 'Write_Data<18>'.  The input(s) are
   unused after optimization. Please verify functionality via simulation.
WARNING:Cpld:1007 - Removing unused input(s) 'Write_Data<19>'.  The input(s) are
   unused after optimization. Please verify functionality via simulation.
WARNING:Cpld:1007 - Removing unused input(s) 'Write_Data<1>'.  The input(s) are
   unused after optimization. Please verify functionality via simulation.
WARNING:Cpld:1007 - Removing unused input(s) 'Write_Data<20>'.  The input(s) are
   unused after optimization. Please verify functionality via simulation.
WARNING:Cpld:1007 - Removing unused input(s) 'Write_Data<21>'.  The input(s) are
   unused after optimization. Please verify functionality via simulation.
WARNING:Cpld:1007 - Removing unused input(s) 'Write_Data<22>'.  The input(s) are
   unused after optimization. Please verify functionality via simulation.
WARNING:Cpld:1007 - Removing unused input(s) 'Write_Data<23>'.  The input(s) are
   unused after optimization. Please verify functionality via simulation.
WARNING:Cpld:1007 - Removing unused input(s) 'Write_Data<24>'.  The input(s) are
   unused after optimization. Please verify functionality via simulation.
WARNING:Cpld:1007 - Removing unused input(s) 'Write_Data<25>'.  The input(s) are
   unused after optimization. Please verify functionality via simulation.
WARNING:Cpld:1007 - Removing unused input(s) 'Write_Data<26>'.  The input(s) are
   unused after optimization. Please verify functionality via simulation.
WARNING:Cpld:1007 - Removing unused input(s) 'Write_Data<27>'.  The input(s) are
   unused after optimization. Please verify functionality via simulation.
WARNING:Cpld:1007 - Removing unused input(s) 'Write_Data<28>'.  The input(s) are
   unused after optimization. Please verify functionality via simulation.
WARNING:Cpld:1007 - Removing unused input(s) 'Write_Data<29>'.  The input(s) are
   unused after optimization. Please verify functionality via simulation.
WARNING:Cpld:1007 - Removing unused input(s) 'Write_Data<2>'.  The input(s) are
   unused after optimization. Please verify functionality via simulation.
WARNING:Cpld:1007 - Removing unused input(s) 'Write_Data<30>'.  The input(s) are
   unused after optimization. Please verify functionality via simulation.
WARNING:Cpld:1007 - Removing unused input(s) 'Write_Data<31>'.  The input(s) are
   unused after optimization. Please verify functionality via simulation.
WARNING:Cpld:1007 - Removing unused input(s) 'Write_Data<3>'.  The input(s) are
   unused after optimization. Please verify functionality via simulation.
WARNING:Cpld:1007 - Removing unused input(s) 'Write_Data<4>'.  The input(s) are
   unused after optimization. Please verify functionality via simulation.
WARNING:Cpld:1007 - Removing unused input(s) 'Write_Data<5>'.  The input(s) are
   unused after optimization. Please verify functionality via simulation.
WARNING:Cpld:1007 - Removing unused input(s) 'Write_Data<6>'.  The input(s) are
   unused after optimization. Please verify functionality via simulation.
WARNING:Cpld:1007 - Removing unused input(s) 'Write_Data<7>'.  The input(s) are
   unused after optimization. Please verify functionality via simulation.
WARNING:Cpld:1007 - Removing unused input(s) 'Write_Data<8>'.  The input(s) are
   unused after optimization. Please verify functionality via simulation.
WARNING:Cpld:1007 - Removing unused input(s) 'Write_Data<9>'.  The input(s) are
   unused after optimization. Please verify functionality via simulation.
ERROR:Cpld:1063 - Design requires at least 1152 macrocells, exceeds device limit
   384.
ERROR:Cpld:1062 - Design contains 2113 unique product terms, exceeds device
   limit 1344.
ERROR:Cpld:1064 - Design rules checking error. Fitting process stopped.
ERROR:Cpld:868 - Cannot fit the design into any of the specified devices with
   the selected implementation options.
