Release 13.1 - xst O.40d (nt)
Copyright (c) 1995-2011 Xilinx, Inc.  All rights reserved.
--> Parameter TMPDIR set to xst/projnav.tmp


Total REAL time to Xst completion: 3.00 secs
Total CPU time to Xst completion: 2.67 secs
 
--> Parameter xsthdpdir set to xst


Total REAL time to Xst completion: 3.00 secs
Total CPU time to Xst completion: 2.70 secs
 
--> Reading design: Adder1.prj

TABLE OF CONTENTS
  1) Synthesis Options Summary
  2) HDL Compilation
  3) Design Hierarchy Analysis
  4) HDL Analysis
  5) HDL Synthesis
     5.1) HDL Synthesis Report
  6) Advanced HDL Synthesis
     6.1) Advanced HDL Synthesis Report
  7) Low Level Synthesis
  8) Partition Report
  9) Final Report

=========================================================================
*                      Synthesis Options Summary                        *
=========================================================================
---- Source Parameters
Input File Name                    : "Adder1.prj"
Input Format                       : mixed
Ignore Synthesis Constraint File   : NO

---- Target Parameters
Output File Name                   : "Adder1"
Output Format                      : NGC
Target Device                      : Automotive 9500XL

---- Source Options
Top Module Name                    : Adder1
Automatic FSM Extraction           : YES
FSM Encoding Algorithm             : Auto
Safe Implementation                : No
Mux Extraction                     : Yes
Resource Sharing                   : YES

---- Target Options
Add IO Buffers                     : YES
MACRO Preserve                     : YES
XOR Preserve                       : YES
Equivalent register Removal        : YES

---- General Options
Optimization Goal                  : Speed
Optimization Effort                : 1
Keep Hierarchy                     : Yes
Netlist Hierarchy                  : As_Optimized
RTL Output                         : Yes
Hierarchy Separator                : /
Bus Delimiter                      : <>
Case Specifier                     : Maintain
Verilog 2001                       : YES

---- Other Options
Clock Enable                       : YES
wysiwyg                            : NO

=========================================================================


=========================================================================
*                          HDL Compilation                              *
=========================================================================
Compiling vhdl file "C:/Documents and Settings/User/My Documents/Dropbox/DesignProject3/Design Project 2/XilinxCode/Add1/Adder1.vhf" in Library work.
Entity <ADD4_MXILINX_Adder1> compiled.
Entity <ADD4_MXILINX_Adder1> (Architecture <BEHAVIORAL>) compiled.
Entity <ADD8_MXILINX_Adder1> compiled.
Entity <ADD8_MXILINX_Adder1> (Architecture <BEHAVIORAL>) compiled.
Entity <ADD16_MXILINX_Adder1> compiled.
Entity <ADD16_MXILINX_Adder1> (Architecture <BEHAVIORAL>) compiled.
Entity <adder_MUSER_Adder1> compiled.
Entity <adder_MUSER_Adder1> (Architecture <BEHAVIORAL>) compiled.
Entity <Adder1> compiled.
Entity <Adder1> (Architecture <BEHAVIORAL>) compiled.
Compiling vhdl file "C:/Documents and Settings/User/My Documents/Dropbox/DesignProject3/Design Project 2/XilinxCode/Add1/adder.vhf" in Library work.
Entity <ADD4_MXILINX_adder> compiled.
Entity <ADD4_MXILINX_adder> (Architecture <BEHAVIORAL>) compiled.
Entity <ADD8_MXILINX_adder> compiled.
Entity <ADD8_MXILINX_adder> (Architecture <BEHAVIORAL>) compiled.
Entity <ADD16_MXILINX_adder> compiled.
Entity <ADD16_MXILINX_adder> (Architecture <BEHAVIORAL>) compiled.
Entity <adder> compiled.
Entity <adder> (Architecture <BEHAVIORAL>) compiled.

=========================================================================
*                     Design Hierarchy Analysis                         *
=========================================================================
Analyzing hierarchy for entity <Adder1> in library <work> (architecture <BEHAVIORAL>).

Analyzing hierarchy for entity <adder_MUSER_Adder1> in library <work> (architecture <BEHAVIORAL>).

Analyzing hierarchy for entity <ADD16_MXILINX_Adder1> in library <work> (architecture <BEHAVIORAL>).

Analyzing hierarchy for entity <ADD8_MXILINX_Adder1> in library <work> (architecture <BEHAVIORAL>).

Analyzing hierarchy for entity <ADD4_MXILINX_Adder1> in library <work> (architecture <BEHAVIORAL>).


=========================================================================
*                            HDL Analysis                               *
=========================================================================
Analyzing Entity <Adder1> in library <work> (Architecture <BEHAVIORAL>).
Entity <Adder1> analyzed. Unit <Adder1> generated.

Analyzing Entity <adder_MUSER_Adder1> in library <work> (Architecture <BEHAVIORAL>).
    Set user-defined property "HU_SET =  XLXI_1_10" for instance <XLXI_1> in unit <adder_MUSER_Adder1>.
    Set user-defined property "HU_SET =  XLXI_2_11" for instance <XLXI_2> in unit <adder_MUSER_Adder1>.
Entity <adder_MUSER_Adder1> analyzed. Unit <adder_MUSER_Adder1> generated.

Analyzing Entity <ADD16_MXILINX_Adder1> in library <work> (Architecture <BEHAVIORAL>).
    Set user-defined property "HU_SET =  S15_8_8" for instance <S15_8> in unit <ADD16_MXILINX_Adder1>.
WARNING:Xst:753 - "C:/Documents and Settings/User/My Documents/Dropbox/DesignProject3/Design Project 2/XilinxCode/Add1/Adder1.vhf" line 468: Unconnected output port 'OFL' of component 'ADD8_MXILINX_Adder1'.
    Set user-defined property "HU_SET =  XLXI_1_9" for instance <XLXI_1> in unit <ADD16_MXILINX_Adder1>.
Entity <ADD16_MXILINX_Adder1> analyzed. Unit <ADD16_MXILINX_Adder1> generated.

Analyzing Entity <ADD8_MXILINX_Adder1> in library <work> (Architecture <BEHAVIORAL>).
    Set user-defined property "HU_SET =  S7_4_6" for instance <S7_4> in unit <ADD8_MXILINX_Adder1>.
WARNING:Xst:753 - "C:/Documents and Settings/User/My Documents/Dropbox/DesignProject3/Design Project 2/XilinxCode/Add1/Adder1.vhf" line 409: Unconnected output port 'OFL' of component 'ADD4_MXILINX_Adder1'.
    Set user-defined property "HU_SET =  XLXI_1_7" for instance <XLXI_1> in unit <ADD8_MXILINX_Adder1>.
Entity <ADD8_MXILINX_Adder1> analyzed. Unit <ADD8_MXILINX_Adder1> generated.

Analyzing Entity <ADD4_MXILINX_Adder1> in library <work> (Architecture <BEHAVIORAL>).
Entity <ADD4_MXILINX_Adder1> analyzed. Unit <ADD4_MXILINX_Adder1> generated.


=========================================================================
*                           HDL Synthesis                               *
=========================================================================

Performing bidirectional port resolution...

Synthesizing Unit <ADD4_MXILINX_Adder1>.
    Related source file is "C:/Documents and Settings/User/My Documents/Dropbox/DesignProject3/Design Project 2/XilinxCode/Add1/Adder1.vhf".
Unit <ADD4_MXILINX_Adder1> synthesized.


Synthesizing Unit <ADD8_MXILINX_Adder1>.
    Related source file is "C:/Documents and Settings/User/My Documents/Dropbox/DesignProject3/Design Project 2/XilinxCode/Add1/Adder1.vhf".
Unit <ADD8_MXILINX_Adder1> synthesized.


Synthesizing Unit <ADD16_MXILINX_Adder1>.
    Related source file is "C:/Documents and Settings/User/My Documents/Dropbox/DesignProject3/Design Project 2/XilinxCode/Add1/Adder1.vhf".
Unit <ADD16_MXILINX_Adder1> synthesized.


Synthesizing Unit <adder_MUSER_Adder1>.
    Related source file is "C:/Documents and Settings/User/My Documents/Dropbox/DesignProject3/Design Project 2/XilinxCode/Add1/Adder1.vhf".
Unit <adder_MUSER_Adder1> synthesized.


Synthesizing Unit <Adder1>.
    Related source file is "C:/Documents and Settings/User/My Documents/Dropbox/DesignProject3/Design Project 2/XilinxCode/Add1/Adder1.vhf".
Unit <Adder1> synthesized.


=========================================================================
HDL Synthesis Report

Found no macro
=========================================================================

=========================================================================
*                       Advanced HDL Synthesis                          *
=========================================================================


=========================================================================
Advanced HDL Synthesis Report

Found no macro
=========================================================================

=========================================================================
*                         Low Level Synthesis                           *
=========================================================================

Optimizing unit <Adder1> ...

Optimizing unit <ADD4_MXILINX_Adder1> ...

Optimizing unit <ADD8_MXILINX_Adder1> ...

Optimizing unit <ADD16_MXILINX_Adder1> ...

Optimizing unit <adder_MUSER_Adder1> ...

=========================================================================
*                           Partition Report                            *
=========================================================================

Partition Implementation Status
-------------------------------

  No Partitions were found in this design.

-------------------------------

=========================================================================
*                            Final Report                               *
=========================================================================
Final Results
RTL Top Level Output File Name     : Adder1.ngr
Top Level Output File Name         : Adder1
Output Format                      : NGC
Optimization Goal                  : Speed
Keep Hierarchy                     : Yes
Target Technology                  : Automotive 9500XL
Macro Preserve                     : YES
XOR Preserve                       : YES
Clock Enable                       : YES
wysiwyg                            : NO

Design Statistics
# IOs                              : 99

Cell Usage :
# BELS                             : 233
#      AND2                        : 40
#      AND3                        : 32
#      AND4                        : 24
#      AND5                        : 16
#      GND                         : 9
#      OR2                         : 24
#      OR3                         : 8
#      OR4                         : 8
#      OR5                         : 8
#      XOR2                        : 64
# IO Buffers                       : 99
#      IBUF                        : 64
#      OBUF                        : 35
# Others                           : 16
#      AND3B1                      : 8
#      AND3B2                      : 8
=========================================================================


Total REAL time to Xst completion: 15.00 secs
Total CPU time to Xst completion: 15.11 secs
 
--> 

Total memory usage is 138668 kilobytes

Number of errors   :    0 (   0 filtered)
Number of warnings :    2 (   0 filtered)
Number of infos    :    0 (   0 filtered)

