Release 10.1.03 - xst K.39 (nt)
Copyright (c) 1995-2008 Xilinx, Inc.  All rights reserved.
--> Parameter TMPDIR set to F:/Design Project 2/XilinxCode/Adder/Adder/xst/projnav.tmp


Total REAL time to Xst completion: 1.00 secs
Total CPU time to Xst completion: 0.34 secs
 
--> Parameter xsthdpdir set to F:/Design Project 2/XilinxCode/Adder/Adder/xst


Total REAL time to Xst completion: 1.00 secs
Total CPU time to Xst completion: 0.35 secs
 
--> Reading design: adder.prj

TABLE OF CONTENTS
  1) Synthesis Options Summary
  2) HDL Compilation
  3) Design Hierarchy Analysis
  4) HDL Analysis
  5) HDL Synthesis
     5.1) HDL Synthesis Report
  6) Advanced HDL Synthesis
     6.1) Advanced HDL Synthesis Report
  7) Low Level Synthesis
  8) Partition Report
  9) Final Report

=========================================================================
*                      Synthesis Options Summary                        *
=========================================================================
---- Source Parameters
Input File Name                    : "adder.prj"
Input Format                       : mixed
Ignore Synthesis Constraint File   : NO

---- Target Parameters
Output File Name                   : "adder"
Output Format                      : NGC
Target Device                      : Automotive 9500XL

---- Source Options
Top Module Name                    : adder
Automatic FSM Extraction           : YES
FSM Encoding Algorithm             : Auto
Safe Implementation                : No
Mux Extraction                     : YES
Resource Sharing                   : YES

---- Target Options
Add IO Buffers                     : YES
MACRO Preserve                     : YES
XOR Preserve                       : YES
Equivalent register Removal        : YES

---- General Options
Optimization Goal                  : Speed
Optimization Effort                : 1
Library Search Order               : adder.lso
Keep Hierarchy                     : YES
Netlist Hierarchy                  : as_optimized
RTL Output                         : Yes
Hierarchy Separator                : /
Bus Delimiter                      : <>
Case Specifier                     : maintain
Verilog 2001                       : YES

---- Other Options
Clock Enable                       : YES
wysiwyg                            : NO

=========================================================================


=========================================================================
*                          HDL Compilation                              *
=========================================================================
Compiling verilog file "adder.vf" in library work
Module <ADD4_MXILINX_adder> compiled
Module <ADD8_MXILINX_adder> compiled
Module <ADD16_MXILINX_adder> compiled
Module <adder> compiled
No errors in compilation
Analysis of file <"adder.prj"> succeeded.
 

=========================================================================
*                     Design Hierarchy Analysis                         *
=========================================================================
Analyzing hierarchy for module <adder> in library <work>.

Analyzing hierarchy for module <ADD16_MXILINX_adder> in library <work>.

Analyzing hierarchy for module <ADD16_MXILINX_adder> in library <work>.

Analyzing hierarchy for module <ADD8_MXILINX_adder> in library <work>.

Analyzing hierarchy for module <ADD8_MXILINX_adder> in library <work>.

Analyzing hierarchy for module <ADD4_MXILINX_adder> in library <work>.

Analyzing hierarchy for module <ADD4_MXILINX_adder> in library <work>.

WARNING:Xst:2593 - "adder.vf" line 275: attribute on instance <HU_SET> overrides attribute on instance. Old value for attribute is ignored.

=========================================================================
*                            HDL Analysis                               *
=========================================================================
Analyzing top module <adder>.
Module <adder> is correct for synthesis.
 
    Set user-defined property "HU_SET =  XLXI_1_4" for instance <XLXI_1> in unit <adder>.
    Set user-defined property "HU_SET =  XLXI_2_5" for instance <XLXI_2> in unit <adder>.
Analyzing module <ADD16_MXILINX_adder.1> in library <work>.
Module <ADD16_MXILINX_adder.1> is correct for synthesis.
 
    Set user-defined property "HU_SET =  S15_8_2" for instance <S15_8> in unit <ADD16_MXILINX_adder.1>.
    Set user-defined property "HU_SET =  XLXI_1_3" for instance <XLXI_1> in unit <ADD16_MXILINX_adder.1>.
Analyzing module <ADD8_MXILINX_adder.1> in library <work>.
Module <ADD8_MXILINX_adder.1> is correct for synthesis.
 
    Set user-defined property "HU_SET =  S7_4_0" for instance <S7_4> in unit <ADD8_MXILINX_adder.1>.
    Set user-defined property "HU_SET =  XLXI_1_1" for instance <XLXI_1> in unit <ADD8_MXILINX_adder.1>.
Analyzing module <ADD4_MXILINX_adder.1> in library <work>.
Module <ADD4_MXILINX_adder.1> is correct for synthesis.
 
Analyzing module <ADD4_MXILINX_adder.2> in library <work>.
Module <ADD4_MXILINX_adder.2> is correct for synthesis.
 
Analyzing module <ADD8_MXILINX_adder.2> in library <work>.
Module <ADD8_MXILINX_adder.2> is correct for synthesis.
 
    Set user-defined property "HU_SET =  S7_4_0" for instance <S7_4> in unit <ADD8_MXILINX_adder.2>.
    Set user-defined property "HU_SET =  XLXI_1_1" for instance <XLXI_1> in unit <ADD8_MXILINX_adder.2>.
Analyzing module <ADD16_MXILINX_adder.2> in library <work>.
Module <ADD16_MXILINX_adder.2> is correct for synthesis.
 
    Set user-defined property "HU_SET =  S15_8_2" for instance <S15_8> in unit <ADD16_MXILINX_adder.2>.
    Set user-defined property "HU_SET =  XLXI_1_3" for instance <XLXI_1> in unit <ADD16_MXILINX_adder.2>.

=========================================================================
*                           HDL Synthesis                               *
=========================================================================

Performing bidirectional port resolution...

Synthesizing Unit <ADD4_MXILINX_adder_1>.
    Related source file is "adder.vf".
Unit <ADD4_MXILINX_adder_1> synthesized.


Synthesizing Unit <ADD4_MXILINX_adder_2>.
    Related source file is "adder.vf".
Unit <ADD4_MXILINX_adder_2> synthesized.


Synthesizing Unit <ADD8_MXILINX_adder_1>.
    Related source file is "adder.vf".
Unit <ADD8_MXILINX_adder_1> synthesized.


Synthesizing Unit <ADD8_MXILINX_adder_2>.
    Related source file is "adder.vf".
Unit <ADD8_MXILINX_adder_2> synthesized.


Synthesizing Unit <ADD16_MXILINX_adder_1>.
    Related source file is "adder.vf".
Unit <ADD16_MXILINX_adder_1> synthesized.


Synthesizing Unit <ADD16_MXILINX_adder_2>.
    Related source file is "adder.vf".
Unit <ADD16_MXILINX_adder_2> synthesized.


Synthesizing Unit <adder>.
    Related source file is "adder.vf".
WARNING:Xst:646 - Signal <Cout> is assigned but never used. This unconnected signal will be trimmed during the optimization process.
Unit <adder> synthesized.


=========================================================================
HDL Synthesis Report

Found no macro
=========================================================================

=========================================================================
*                       Advanced HDL Synthesis                          *
=========================================================================


=========================================================================
Advanced HDL Synthesis Report

Found no macro
=========================================================================

=========================================================================
*                         Low Level Synthesis                           *
=========================================================================

Optimizing unit <adder> ...

Optimizing unit <ADD4_MXILINX_adder_1> ...

Optimizing unit <ADD4_MXILINX_adder_2> ...

Optimizing unit <ADD8_MXILINX_adder_1> ...

Optimizing unit <ADD8_MXILINX_adder_2> ...

Optimizing unit <ADD16_MXILINX_adder_1> ...

Optimizing unit <ADD16_MXILINX_adder_2> ...

=========================================================================
*                           Partition Report                             *
=========================================================================

Partition Implementation Status
-------------------------------

  No Partitions were found in this design.

-------------------------------

=========================================================================
*                            Final Report                               *
=========================================================================
Final Results
RTL Top Level Output File Name     : adder.ngr
Top Level Output File Name         : adder
Output Format                      : NGC
Optimization Goal                  : Speed
Keep Hierarchy                     : YES
Target Technology                  : Automotive 9500XL
Macro Preserve                     : YES
XOR Preserve                       : YES
Clock Enable                       : YES
wysiwyg                            : NO

Design Statistics
# IOs                              : 98

Cell Usage :
# BELS                             : 233
#      AND2                        : 40
#      AND3                        : 32
#      AND4                        : 24
#      AND5                        : 16
#      GND                         : 9
#      OR2                         : 24
#      OR3                         : 8
#      OR4                         : 8
#      OR5                         : 8
#      XOR2                        : 64
# IO Buffers                       : 98
#      IBUF                        : 64
#      OBUF                        : 34
# Others                           : 16
#      AND3B1                      : 8
#      AND3B2                      : 8
=========================================================================


Total REAL time to Xst completion: 18.00 secs
Total CPU time to Xst completion: 17.21 secs
 
--> 

Total memory usage is 162844 kilobytes

Number of errors   :    0 (   0 filtered)
Number of warnings :    2 (   0 filtered)
Number of infos    :    0 (   0 filtered)

