Running: C:\Xilinx\13.1\ISE_DS\ISE\bin\nt\unwrapped\fuse.exe -intstyle ise -incremental -lib uni9000_ver -lib aim_ver -lib cpld_ver -lib xilinxcorelib_ver -o C:/Documents and Settings/User/My Documents/Dropbox/DesignProject3/Design Project 2/XilinxCode/Adderv2/adder_adder_sch_tb_isim_beh.exe -prj C:/Documents and Settings/User/My Documents/Dropbox/DesignProject3/Design Project 2/XilinxCode/Adderv2/adder_adder_sch_tb_beh.prj work.adder_adder_sch_tb work.glbl 
ISim O.40d (signature 0x79f3f3a8)
Number of CPUs detected in this system: 2
Turning on mult-threading, number of parallel sub-compilation jobs: 4 
Determining compilation order of HDL files
Analyzing Verilog file \"C:/Documents and Settings/User/My Documents/Dropbox/DesignProject3/Design Project 2/XilinxCode/Adderv2/adder.vf\" into library work
Analyzing Verilog file \"C:/Xilinx/13.1/ISE_DS/ISE//verilog/src/glbl.v\" into library work
Parsing VHDL file "C:/Documents and Settings/User/My Documents/Dropbox/DesignProject3/Design Project 2/XilinxCode/Adderv2/AddTest.vhd" into library work
Starting static elaboration
Completed static elaboration
Fuse Memory Usage: 67308 KB
Fuse CPU Usage: 249 ms
Using precompiled package standard from library std
Using precompiled package std_logic_1164 from library ieee
Using precompiled package numeric_std from library ieee
Using precompiled package vl_types from library vl
Compiling module glbl
Compiling module XOR2
Compiling module OR2
Compiling module OR3
Compiling module OR4
Compiling module AND5
Compiling module AND4
Compiling module AND3
Compiling module AND2
Compiling module OR5
Compiling module GND
Compiling module AND3B1
Compiling module AND3B2
Compiling module ADD4_MXILINX_adder
Compiling module ADD8_MXILINX_adder
Compiling module ADD16_MXILINX_adder
Compiling module adder
Compiling package vcomponents
Compiling architecture behavioral of entity adder_adder_sch_tb
Time Resolution for simulation is 1ps.
Waiting for 16 sub-compilation(s) to finish...
Compiled 6 VHDL Units
Compiled 17 Verilog Units
Built simulation executable C:/Documents and Settings/User/My Documents/Dropbox/DesignProject3/Design Project 2/XilinxCode/Adderv2/adder_adder_sch_tb_isim_beh.exe
Fuse Memory Usage: 78320 KB
Fuse CPU Usage: 328 ms
